# JRE version: Java(TM) SE Runtime Environment (8.0_60-b27) (build 1.8.0_60-b27)
# Java VM: Java HotSpot(TM) 64-Bit Server VM (25.60-b23 mixed mode bsd-amd64 compressed oops)
Heap:
 PSYoungGen      total 314368K, used 115451K [0x00000007aab00000, 0x00000007c0000000, 0x00000007c0000000)
  eden space 279552K, 36% used [0x00000007aab00000,0x00000007b0ecbf78,0x00000007bbc00000)
  from space 34816K, 38% used [0x00000007bbc00000,0x00000007bc8f2db8,0x00000007bde00000)
  to   space 33280K, 0% used [0x00000007bdf80000,0x00000007bdf80000,0x00000007c0000000)
 ParOldGen       total 699392K, used 115104K [0x0000000780000000, 0x00000007aab00000, 0x00000007aab00000)
  object space 699392K, 16% used [0x0000000780000000,0x0000000787068040,0x00000007aab00000)
 Metaspace       used 245776K, capacity 248977K, committed 253184K, reserved 1259520K
  class space    used 39947K, capacity 40485K, committed 44032K, reserved 1048576K
GC Heap History (10 events):
Event: 5864.403 GC heap before
{Heap before GC invocations=190 (full 5):
 PSYoungGen      total 313856K, used 288771K [0x00000007aab00000, 0x00000007c0000000, 0x00000007c0000000)
  eden space 276480K, 100% used [0x00000007aab00000,0x00000007bb900000,0x00000007bb900000)
  from space 37376K, 32% used [0x00000007bdb80000,0x00000007be780e38,0x00000007c0000000)
  to   space 35328K, 0% used [0x00000007bb900000,0x00000007bb900000,0x00000007bdb80000)
 ParOldGen       total 699392K, used 113088K [0x0000000780000000, 0x00000007aab00000, 0x00000007aab00000)
  object space 699392K, 16% used [0x0000000780000000,0x0000000786e70270,0x00000007aab00000)
 Metaspace       used 227943K, capacity 230841K, committed 243712K, reserved 1249280K
  class space    used 36853K, capacity 37365K, committed 44032K, reserved 1048576K
Event: 5864.462 GC heap after
Heap after GC invocations=190 (full 5):
 PSYoungGen      total 311808K, used 15220K [0x00000007aab00000, 0x00000007c0000000, 0x00000007c0000000)
  eden space 276480K, 0% used [0x00000007aab00000,0x00000007aab00000,0x00000007bb900000)
  from space 35328K, 43% used [0x00000007bb900000,0x00000007bc7dd248,0x00000007bdb80000)
  to   space 34304K, 0% used [0x00000007bde80000,0x00000007bde80000,0x00000007c0000000)
 ParOldGen       total 699392K, used 113889K [0x0000000780000000, 0x00000007aab00000, 0x00000007aab00000)
  object space 699392K, 16% used [0x0000000780000000,0x0000000786f384c0,0x00000007aab00000)
 Metaspace       used 227943K, capacity 230841K, committed 243712K, reserved 1249280K
  class space    used 36853K, capacity 37365K, committed 44032K, reserved 1048576K
}
Event: 5933.578 GC heap before
{Heap before GC invocations=191 (full 5):
 PSYoungGen      total 311808K, used 291700K [0x00000007aab00000, 0x00000007c0000000, 0x00000007c0000000)
  eden space 276480K, 100% used [0x00000007aab00000,0x00000007bb900000,0x00000007bb900000)
  from space 35328K, 43% used [0x00000007bb900000,0x00000007bc7dd248,0x00000007bdb80000)
  to   space 34304K, 0% used [0x00000007bde80000,0x00000007bde80000,0x00000007c0000000)
 ParOldGen       total 699392K, used 113889K [0x0000000780000000, 0x00000007aab00000, 0x00000007aab00000)
  object space 699392K, 16% used [0x0000000780000000,0x0000000786f384c0,0x00000007aab00000)
 Metaspace       used 227943K, capacity 230841K, committed 243712K, reserved 1249280K
  class space    used 36853K, capacity 37365K, committed 44032K, reserved 1048576K
Event: 5933.592 GC heap after
Heap after GC invocations=191 (full 5):
 PSYoungGen      total 314880K, used 288K [0x00000007aab00000, 0x00000007c0000000, 0x00000007c0000000)
  eden space 280576K, 0% used [0x00000007aab00000,0x00000007aab00000,0x00000007bbd00000)
  from space 34304K, 0% used [0x00000007bde80000,0x00000007bdec8000,0x00000007c0000000)
  to   space 34304K, 0% used [0x00000007bbd00000,0x00000007bbd00000,0x00000007bde80000)
 ParOldGen       total 699392K, used 115080K [0x0000000780000000, 0x00000007aab00000, 0x00000007aab00000)
  object space 699392K, 16% used [0x0000000780000000,0x0000000787062040,0x00000007aab00000)
 Metaspace       used 227943K, capacity 230841K, committed 243712K, reserved 1249280K
  class space    used 36853K, capacity 37365K, committed 44032K, reserved 1048576K
}
Event: 5969.909 GC heap before
{Heap before GC invocations=192 (full 5):
 PSYoungGen      total 314880K, used 280864K [0x00000007aab00000, 0x00000007c0000000, 0x00000007c0000000)
  eden space 280576K, 100% used [0x00000007aab00000,0x00000007bbd00000,0x00000007bbd00000)
  from space 34304K, 0% used [0x00000007bde80000,0x00000007bdec8000,0x00000007c0000000)
  to   space 34304K, 0% used [0x00000007bbd00000,0x00000007bbd00000,0x00000007bde80000)
 ParOldGen       total 699392K, used 115080K [0x0000000780000000, 0x00000007aab00000, 0x00000007aab00000)
  object space 699392K, 16% used [0x0000000780000000,0x0000000787062040,0x00000007aab00000)
 Metaspace       used 233878K, capacity 236841K, committed 243712K, reserved 1249280K
  class space    used 37883K, capacity 38405K, committed 44032K, reserved 1048576K
Event: 5969.923 GC heap after
Heap after GC invocations=192 (full 5):
 PSYoungGen      total 314880K, used 12173K [0x00000007aab00000, 0x00000007c0000000, 0x00000007c0000000)
  eden space 280576K, 0% used [0x00000007aab00000,0x00000007aab00000,0x00000007bbd00000)
  from space 34304K, 35% used [0x00000007bbd00000,0x00000007bc8e3498,0x00000007bde80000)
  to   space 32256K, 0% used [0x00000007be080000,0x00000007be080000,0x00000007c0000000)
 ParOldGen       total 699392K, used 115088K [0x0000000780000000, 0x00000007aab00000, 0x00000007aab00000)
  object space 699392K, 16% used [0x0000000780000000,0x0000000787064040,0x00000007aab00000)
 Metaspace       used 233878K, capacity 236841K, committed 243712K, reserved 1249280K
  class space    used 37883K, capacity 38405K, committed 44032K, reserved 1048576K
}
Event: 5982.975 GC heap before
{Heap before GC invocations=193 (full 5):
 PSYoungGen      total 314880K, used 292546K [0x00000007aab00000, 0x00000007c0000000, 0x00000007c0000000)
  eden space 280576K, 99% used [0x00000007aab00000,0x00000007bbccd690,0x00000007bbd00000)
  from space 34304K, 35% used [0x00000007bbd00000,0x00000007bc8e3498,0x00000007bde80000)
  to   space 32256K, 0% used [0x00000007be080000,0x00000007be080000,0x00000007c0000000)
 ParOldGen       total 699392K, used 115088K [0x0000000780000000, 0x00000007aab00000, 0x00000007aab00000)
  object space 699392K, 16% used [0x0000000780000000,0x0000000787064040,0x00000007aab00000)
 Metaspace       used 239839K, capacity 242905K, committed 248320K, reserved 1253376K
  class space    used 38916K, capacity 39445K, committed 44032K, reserved 1048576K
Event: 5983.042 GC heap after
Heap after GC invocations=193 (full 5):
 PSYoungGen      total 311808K, used 22892K [0x00000007aab00000, 0x00000007c0000000, 0x00000007c0000000)
  eden space 279552K, 0% used [0x00000007aab00000,0x00000007aab00000,0x00000007bbc00000)
  from space 32256K, 70% used [0x00000007be080000,0x00000007bf6db380,0x00000007c0000000)
  to   space 34816K, 0% used [0x00000007bbc00000,0x00000007bbc00000,0x00000007bde00000)
 ParOldGen       total 699392K, used 115096K [0x0000000780000000, 0x00000007aab00000, 0x00000007aab00000)
  object space 699392K, 16% used [0x0000000780000000,0x0000000787066040,0x00000007aab00000)
 Metaspace       used 239839K, capacity 242905K, committed 248320K, reserved 1253376K
  class space    used 38916K, capacity 39445K, committed 44032K, reserved 1048576K
}
Event: 6021.347 GC heap before
{Heap before GC invocations=194 (full 5):
 PSYoungGen      total 311808K, used 302444K [0x00000007aab00000, 0x00000007c0000000, 0x00000007c0000000)
  eden space 279552K, 100% used [0x00000007aab00000,0x00000007bbc00000,0x00000007bbc00000)
  from space 32256K, 70% used [0x00000007be080000,0x00000007bf6db380,0x00000007c0000000)
  to   space 34816K, 0% used [0x00000007bbc00000,0x00000007bbc00000,0x00000007bde00000)
 ParOldGen       total 699392K, used 115096K [0x0000000780000000, 0x00000007aab00000, 0x00000007aab00000)
  object space 699392K, 16% used [0x0000000780000000,0x0000000787066040,0x00000007aab00000)
 Metaspace       used 245775K, capacity 248977K, committed 253184K, reserved 1259520K
  class space    used 39947K, capacity 40485K, committed 44032K, reserved 1048576K
Event: 6021.388 GC heap after
Heap after GC invocations=194 (full 5):
 PSYoungGen      total 314368K, used 13259K [0x00000007aab00000, 0x00000007c0000000, 0x00000007c0000000)
  eden space 279552K, 0% used [0x00000007aab00000,0x00000007aab00000,0x00000007bbc00000)
  from space 34816K, 38% used [0x00000007bbc00000,0x00000007bc8f2db8,0x00000007bde00000)
  to   space 33280K, 0% used [0x00000007bdf80000,0x00000007bdf80000,0x00000007c0000000)
 ParOldGen       total 699392K, used 115104K [0x0000000780000000, 0x00000007aab00000, 0x00000007aab00000)
  object space 699392K, 16% used [0x0000000780000000,0x0000000787068040,0x00000007aab00000)
 Metaspace       used 245775K, capacity 248977K, committed 253184K, reserved 1259520K
  class space    used 39947K, capacity 40485K, committed 44032K, reserved 1048576K
}

